error: Error processing message: Cannot read properties of undefined (reading 'split') {"stack":"TypeError: Cannot read properties of undefined (reading 'split')\n    at Client.<anonymous> (D:\\Minecraft Server Showcase\\index.js:34:63)\n    at Client.emit (node:events:517:28)\n    at MessageCreateAction.handle (D:\\Minecraft Server Showcase\\node_modules\\discord.js\\src\\client\\actions\\MessageCreate.js:28:14)\n    at module.exports [as MESSAGE_CREATE] (D:\\Minecraft Server Showcase\\node_modules\\discord.js\\src\\client\\websocket\\handlers\\MESSAGE_CREATE.js:4:32)\n    at WebSocketManager.handlePacket (D:\\Minecraft Server Showcase\\node_modules\\discord.js\\src\\client\\websocket\\WebSocketManager.js:355:31)\n    at WebSocketManager.<anonymous> (D:\\Minecraft Server Showcase\\node_modules\\discord.js\\src\\client\\websocket\\WebSocketManager.js:239:12)\n    at WebSocketManager.emit (D:\\Minecraft Server Showcase\\node_modules\\@vladfrangu\\async_event_emitter\\dist\\index.js:282:31)\n    at WebSocketShard.<anonymous> (D:\\Minecraft Server Showcase\\node_modules\\@discordjs\\ws\\dist\\index.js:1173:51)\n    at WebSocketShard.emit (D:\\Minecraft Server Showcase\\node_modules\\@vladfrangu\\async_event_emitter\\dist\\index.js:282:31)\n    at WebSocketShard.onMessage (D:\\Minecraft Server Showcase\\node_modules\\@discordjs\\ws\\dist\\index.js:988:14)"}
{"level":"error","message":"Invalid user input: gg"}
{"level":"error","message":"Invalid user input: sgp1"}
{"level":"error","message":"Invalid user input: hello guys whats up"}
{"level":"error","message":"Error processing message: queryA ESERVFAIL hey guys join my server hel1.bbn.one"}
{"level":"error","message":"Error processing message: queryA ENOTFOUND e.e.com"}
{"level":"error","message":"Invalid user input: who the fuck"}
{"level":"error","message":"Invalid user input: lol"}
{"level":"error","message":"Invalid user input: 🤣"}
{"level":"error","message":"Invalid user input: sgp1.bbn.one"}
{"level":"error","message":"Invalid user input: hmm nice"}
{"level":"error","message":"Error processing message: queryA ESERVFAIL hi hel1.bbn.one"}
{"level":"error","message":"Error processing message: queryA ESERVFAIL hehe hel1.bbn.one"}
{"level":"error","message":"Error processing message: userDomain is not defined"}
{"level":"error","message":"Invalid user input: hel1.bbn.one"}
{"level":"error","message":"Invalid user input: hel1.bbn.oe"}
{"level":"error","message":"Invalid user input: hel1.bbn.one"}
{"level":"error","message":"Error processing message: queryA ESERVFAIL guys check out sgp1.bbn.one"}
{"level":"error","message":"Error processing message: queryA ESERVFAIL guys check out sgp1.bbn.one"}
{"level":"error","message":"Invalid user input: guys check out `sgp1.bbn.one:30101`"}
{"level":"error","message":"Error processing message: queryA ESERVFAIL  sgp1.bbn.one"}
{"level":"error","message":"Invalid user input: g9aerospace.in"}
{"level":"error","message":"Invalid user input: bricks-network.xyz"}
{"level":"error","message":"Invalid user input: gg.bbn.one"}
{"level":"error","message":"Processed message with invalid domain. User provided domain: gg.bbn.one, Invalid IP: 128.140.26.58, Processing Time: 781ms"}
{"level":"error","message":"Invalid user input: hel1.bbn.one:45979ac"}
